This is pdfTeX, Version 3.14159265-2.6-1.40.16 (MiKTeX 2.9 64-bit) (preloaded format=pdflatex 2015.12.17)  1 JAN 2016 16:24
entering extended mode
**basic_overview_template_master.tex
(basic_overview_template_master.tex
LaTeX2e <2015/01/01> patch level 2
Babel <3.9m> and hyphenation patterns for 69 languages loaded.
(C:\Dev\Prog\MiKTeX\tex\latex\base\article.cls
Document Class: article 2014/09/29 v1.4h Standard LaTeX document class
(C:\Dev\Prog\MiKTeX\tex\latex\base\size10.clo
File: size10.clo 2014/09/29 v1.4h Standard LaTeX file (size option)
)
\c@part=\count79
\c@section=\count80
\c@subsection=\count81
\c@subsubsection=\count82
\c@paragraph=\count83
\c@subparagraph=\count84
\c@figure=\count85
\c@table=\count86
\abovecaptionskip=\skip41
\belowcaptionskip=\skip42
\bibindent=\dimen102
)
(C:\Dev\Prog\MiKTeX\tex\latex\graphics\graphicx.sty
Package: graphicx 2014/10/28 v1.0g Enhanced LaTeX Graphics (DPC,SPQR)

(C:\Dev\Prog\MiKTeX\tex\latex\graphics\keyval.sty
Package: keyval 2014/10/28 v1.15 key=value parser (DPC)
\KV@toks@=\toks14
)
(C:\Dev\Prog\MiKTeX\tex\latex\graphics\graphics.sty
Package: graphics 2014/10/28 v1.0p Standard LaTeX Graphics (DPC,SPQR)

(C:\Dev\Prog\MiKTeX\tex\latex\graphics\trig.sty
Package: trig 1999/03/16 v1.09 sin cos tan (DPC)
)
(C:\Dev\Prog\MiKTeX\tex\latex\00miktex\graphics.cfg
File: graphics.cfg 2007/01/18 v1.5 graphics configuration of teTeX/TeXLive
)
Package graphics Info: Driver file: pdftex.def on input line 94.

(C:\Dev\Prog\MiKTeX\tex\latex\pdftex-def\pdftex.def
File: pdftex.def 2011/05/27 v0.06d Graphics/color for pdfTeX

(C:\Dev\Prog\MiKTeX\tex\generic\oberdiek\infwarerr.sty
Package: infwarerr 2010/04/08 v1.3 Providing info/warning/error messages (HO)
)
(C:\Dev\Prog\MiKTeX\tex\generic\oberdiek\ltxcmds.sty
Package: ltxcmds 2011/11/09 v1.22 LaTeX kernel commands for general use (HO)
)
\Gread@gobject=\count87
))
\Gin@req@height=\dimen103
\Gin@req@width=\dimen104
)
(C:\Dev\Prog\MiKTeX\tex\latex\graphics\color.sty
Package: color 2014/10/28 v1.1a Standard LaTeX Color (DPC)

(C:\Dev\Prog\MiKTeX\tex\latex\00miktex\color.cfg
File: color.cfg 2007/01/18 v1.5 color configuration of teTeX/TeXLive
)
Package color Info: Driver file: pdftex.def on input line 142.
)
(C:\Users\Julian\AppData\Roaming\MiKTeX\2.9\tex\latex\framed\framed.sty
Package: framed 2011/10/22 v 0.96: framed or shaded text with page breaks
\OuterFrameSep=\skip43
\fb@frw=\dimen105
\fb@frh=\dimen106
\FrameRule=\dimen107
\FrameSep=\dimen108
)
(C:\Dev\Prog\MiKTeX\tex\latex\base\alltt.sty
Package: alltt 1997/06/16 v2.0g defines alltt environment
)
(C:\Dev\Prog\MiKTeX\tex\latex\upquote\upquote.sty
Package: upquote 2012/04/19 v1.3 upright-quote and grave-accent glyphs in verba
tim
)
(basic_overview_template_master.aux)
LaTeX Font Info:    Checking defaults for OML/cmm/m/it on input line 60.
LaTeX Font Info:    ... okay on input line 60.
LaTeX Font Info:    Checking defaults for T1/cmr/m/n on input line 60.
LaTeX Font Info:    ... okay on input line 60.
LaTeX Font Info:    Checking defaults for OT1/cmr/m/n on input line 60.
LaTeX Font Info:    ... okay on input line 60.
LaTeX Font Info:    Checking defaults for OMS/cmsy/m/n on input line 60.
LaTeX Font Info:    ... okay on input line 60.
LaTeX Font Info:    Checking defaults for OMX/cmex/m/n on input line 60.
LaTeX Font Info:    ... okay on input line 60.
LaTeX Font Info:    Checking defaults for U/cmr/m/n on input line 60.
LaTeX Font Info:    ... okay on input line 60.

(C:\Dev\Prog\MiKTeX\tex\context\base\supp-pdf.mkii
[Loading MPS to PDF converter (version 2006.09.02).]
\scratchcounter=\count88
\scratchdimen=\dimen109
\scratchbox=\box26
\nofMPsegments=\count89
\nofMParguments=\count90
\everyMPshowfont=\toks15
\MPscratchCnt=\count91
\MPscratchDim=\dimen110
\MPnumerator=\count92
\makeMPintoPDFobject=\count93
\everyMPtoPDFconversion=\toks16
)
LaTeX Font Info:    External font `cmex10' loaded for size
(Font)              <12> on input line 67.
LaTeX Font Info:    External font `cmex10' loaded for size
(Font)              <8> on input line 67.
LaTeX Font Info:    External font `cmex10' loaded for size
(Font)              <6> on input line 67.
Package color Info: Redefining color shadecolor on input line 74.

Overfull \hbox (6.74693pt too wide) in paragraph at lines 90--90
[]\OT1/cmtt/m/n/10 ##  Min.   :0.0000   Min.   :18.00   Min.   : 0.600   Min.  
 : 1.00[] 
 []


Overfull \hbox (6.74693pt too wide) in paragraph at lines 90--90
[]\OT1/cmtt/m/n/10 ##  1st Qu.:0.0000   1st Qu.:28.00   1st Qu.: 2.000   1st Qu
.: 6.00[] 
 []


Overfull \hbox (6.74693pt too wide) in paragraph at lines 90--90
[]\OT1/cmtt/m/n/10 ##  Median :0.0000   Median :43.00   Median : 3.250   Median
 : 7.00[] 
 []


Overfull \hbox (6.74693pt too wide) in paragraph at lines 90--90
[]\OT1/cmtt/m/n/10 ##  Mean   :0.4043   Mean   :45.23   Mean   : 4.642   Mean  
 : 6.66[] 
 []


Overfull \hbox (6.74693pt too wide) in paragraph at lines 90--90
[]\OT1/cmtt/m/n/10 ##  3rd Qu.:1.0000   3rd Qu.:61.50   3rd Qu.: 6.210   3rd Qu
.: 8.00[] 
 []


Overfull \hbox (6.74693pt too wide) in paragraph at lines 90--90
[]\OT1/cmtt/m/n/10 ##  Max.   :1.0000   Max.   :75.00   Max.   :15.000   Max.  
 :10.00[] 
 []


Underfull \hbox (badness 10000) in paragraph at lines 94--96

 []

[1

{C:/Users/Julian/AppData/Local/MiKTeX/2.9/pdftex/config/pdftex.map}]
Package color Info: Redefining color shadecolor on input line 116.

<figure/histograms-1.pdf, id=9, 505.89pt x 289.08pt>
File: figure/histograms-1.pdf Graphic file (type pdf)

<use figure/histograms-1.pdf>
Package pdftex.def Info: figure/histograms-1.pdf used on input line 117.
(pdftex.def)             Requested size: 345.0pt x 197.14522pt.

<figure/histograms-2.pdf, id=10, 505.89pt x 289.08pt>
File: figure/histograms-2.pdf Graphic file (type pdf)

<use figure/histograms-2.pdf>
Package pdftex.def Info: figure/histograms-2.pdf used on input line 121.
(pdftex.def)             Requested size: 345.0pt x 197.14522pt.

<figure/histograms-3.pdf, id=11, 505.89pt x 289.08pt>
File: figure/histograms-3.pdf Graphic file (type pdf)

<use figure/histograms-3.pdf>
Package pdftex.def Info: figure/histograms-3.pdf used on input line 125.
(pdftex.def)             Requested size: 345.0pt x 197.14522pt.
Package color Info: Redefining color shadecolor on input line 135.

<figure/plot_objects-1.pdf, id=12, 505.89pt x 505.89pt>
File: figure/plot_objects-1.pdf Graphic file (type pdf)

<use figure/plot_objects-1.pdf>
Package pdftex.def Info: figure/plot_objects-1.pdf used on input line 136.
(pdftex.def)             Requested size: 345.0pt x 345.00414pt.

Overfull \hbox (15.0pt too wide) in paragraph at lines 136--137
[][] 
 []

Package color Info: Redefining color shadecolor on input line 142.
<figure/splom-1.pdf, id=13, 505.89pt x 505.89pt>
File: figure/splom-1.pdf Graphic file (type pdf)
 <use figure/splom-1.pdf>
Package pdftex.def Info: figure/splom-1.pdf used on input line 143.
(pdftex.def)             Requested size: 345.0pt x 345.00414pt.

[2 <./figure/histograms-1.pdf>] [3 <./figure/histograms-2.pdf> <./figure/histog
rams-3.pdf>]
Package color Info: Redefining color shadecolor on input line 151.
 <figure/corrgram-1.pdf, id=35, 505.89pt x 505.89pt>
File: figure/corrgram-1.pdf Graphic file (type pdf)

<use figure/corrgram-1.pdf>
Package pdftex.def Info: figure/corrgram-1.pdf used on input line 152.
(pdftex.def)             Requested size: 345.0pt x 345.00414pt.
Package color Info: Redefining color shadecolor on input line 160.

Overfull \hbox (17.24684pt too wide) in paragraph at lines 173--173
[]\OT1/cmtt/m/n/10 ## alternative hypothesis: true difference in means is not e
qual to 0[] 
 []

Package color Info: Redefining color shadecolor on input line 178.
LaTeX Font Info:    Font shape `OT1/cmtt/bx/n' in size <10> not available
(Font)              Font shape `OT1/cmtt/m/n' tried instead on input line 197.
[4 <./figure/plot_objects-1.pdf>] [5 <./figure/splom-1.pdf>] [6 <./figure/corrg
ram-1.pdf>] [7] (basic_overview_template_master.aux) ) 
Here is how much of TeX's memory you used:
 1301 strings out of 493673
 17320 string characters out of 3147627
 75455 words of memory out of 3000000
 4668 multiletter control sequences out of 15000+200000
 7011 words of font info for 26 fonts, out of 3000000 for 9000
 1025 hyphenation exceptions out of 8191
 27i,6n,19p,308b,246s stack positions out of 5000i,500n,10000p,200000b,50000s
<C:/Dev/Prog/MiKTeX/fonts
/type1/public/amsfonts/cm/cmitt10.pfb><C:/Dev/Prog/MiKTeX/fonts/type1/public/am
sfonts/cm/cmr10.pfb><C:/Dev/Prog/MiKTeX/fonts/type1/public/amsfonts/cm/cmr12.pf
b><C:/Dev/Prog/MiKTeX/fonts/type1/public/amsfonts/cm/cmr17.pfb><C:/Dev/Prog/MiK
TeX/fonts/type1/public/amsfonts/cm/cmtt10.pfb>
Output written on basic_overview_template_master.pdf (7 pages, 149052 bytes).
PDF statistics:
 87 PDF objects out of 1000 (max. 8388607)
 0 named destinations out of 1000 (max. 500000)
 31 words of extra memory for PDF output out of 10000 (max. 10000000)

